<?xml version="1.0" encoding="UTF-8"?>
<testng-results ignored="0" total="3" passed="2" failed="1" skipped="0">
  <reporter-output>
  </reporter-output>
  <suite started-at="2022-11-13T02:19:52 AEDT" name="Default suite" finished-at="2022-11-13T02:21:10 AEDT" duration-ms="77736">
    <groups>
      <group name="cucumber">
        <method signature="AbstractTestNGCucumberTests.runScenario(io.cucumber.testng.PickleWrapper,io.cucumber.testng.FeatureWrapper)[pri:0, instance:runners.GumtreeRunner@710636b0]" name="runScenario" class="io.cucumber.testng.AbstractTestNGCucumberTests"/>
      </group> <!-- cucumber -->
    </groups>
    <test started-at="2022-11-13T02:19:52 AEDT" name="Default test" finished-at="2022-11-13T02:21:10 AEDT" duration-ms="77736">
      <class name="runners.GumtreeRunner">
        <test-method is-config="true" signature="setUpClass(org.testng.ITestContext)[pri:0, instance:runners.GumtreeRunner@710636b0]" started-at="2022-11-13T02:19:52 AEDT" name="setUpClass" finished-at="2022-11-13T02:19:53 AEDT" duration-ms="716" status="PASS">
          <params>
            <param index="0">
              <value>
                <![CDATA[org.testng.TestRunner@71e7830a]]>
              </value>
            </param>
          </params>
          <reporter-output>
          </reporter-output>
        </test-method> <!-- setUpClass -->
        <test-method signature="runScenario(io.cucumber.testng.PickleWrapper,io.cucumber.testng.FeatureWrapper)[pri:0, instance:runners.GumtreeRunner@710636b0]" started-at="2022-11-13T02:19:53 AEDT" name="runScenario" description="Runs Cucumber Scenarios" data-provider="scenarios" finished-at="2022-11-13T02:20:27 AEDT" duration-ms="33650" status="PASS">
          <params>
            <param index="0">
              <value>
                <![CDATA["Car models first result check"]]>
              </value>
            </param>
            <param index="1">
              <value>
                <![CDATA["Get and validate the first search result of the provided car model"]]>
              </value>
            </param>
          </params>
          <reporter-output>
          </reporter-output>
        </test-method> <!-- runScenario -->
        <test-method signature="runScenario(io.cucumber.testng.PickleWrapper,io.cucumber.testng.FeatureWrapper)[pri:0, instance:runners.GumtreeRunner@710636b0]" started-at="2022-11-13T02:20:27 AEDT" name="runScenario" description="Runs Cucumber Scenarios" data-provider="scenarios" finished-at="2022-11-13T02:20:36 AEDT" duration-ms="9361" status="PASS">
          <params>
            <param index="0">
              <value>
                <![CDATA["Car models first result check"]]>
              </value>
            </param>
            <param index="1">
              <value>
                <![CDATA["Get and validate the first search result of the provided car model"]]>
              </value>
            </param>
          </params>
          <reporter-output>
          </reporter-output>
        </test-method> <!-- runScenario -->
        <test-method signature="runScenario(io.cucumber.testng.PickleWrapper,io.cucumber.testng.FeatureWrapper)[pri:0, instance:runners.GumtreeRunner@710636b0]" started-at="2022-11-13T02:20:36 AEDT" name="runScenario" description="Runs Cucumber Scenarios" data-provider="scenarios" finished-at="2022-11-13T02:21:10 AEDT" duration-ms="33651" status="FAIL">
          <params>
            <param index="0">
              <value>
                <![CDATA["Car models first result check"]]>
              </value>
            </param>
            <param index="1">
              <value>
                <![CDATA["Get and validate the first search result of the provided car model"]]>
              </value>
            </param>
          </params>
          <exception class="org.openqa.selenium.NoSuchElementException">
            <message>
              <![CDATA[Cannot locate option with text: Q123
For documentation on this error, please visit: https://selenium.dev/exceptions/#no_such_element
Build info: version: '4.4.0', revision: 'e5c75ed026a'
System info: host: 'DESKTOP-T55QR2A', ip: '192.168.1.127', os.name: 'Windows 11', os.arch: 'amd64', os.version: '10.0', java.version: '11.0.15.1'
Driver info: driver.version: unknown]]>
            </message>
            <full-stacktrace>
              <![CDATA[org.openqa.selenium.NoSuchElementException: Cannot locate option with text: Q123
For documentation on this error, please visit: https://selenium.dev/exceptions/#no_such_element
Build info: version: '4.4.0', revision: 'e5c75ed026a'
System info: host: 'DESKTOP-T55QR2A', ip: '192.168.1.127', os.name: 'Windows 11', os.arch: 'amd64', os.version: '10.0', java.version: '11.0.15.1'
Driver info: driver.version: unknown
at org.openqa.selenium.support.ui.Select.selectByVisibleText(Select.java:151)
at pages.base.BaseTest.selectOptions(BaseTest.java:71)
at page.objects.CarsVansUtePage.selectModel(CarsVansUtePage.java:12)
at stepdefinitions.ToyotaSearch.select_rav4_from_the_model(ToyotaSearch.java:53)
at ✽.select "Q123" from the model(file:///C:/Users/SugNithi/eclipse-workspace/CucumberGumtree/src/test/resources/features/findcarresults.feature:14)
]]>
            </full-stacktrace>
          </exception> <!-- org.openqa.selenium.NoSuchElementException -->
          <reporter-output>
          </reporter-output>
        </test-method> <!-- runScenario -->
        <test-method is-config="true" signature="tearDownClass()[pri:0, instance:runners.GumtreeRunner@710636b0]" started-at="2022-11-13T02:21:10 AEDT" name="tearDownClass" finished-at="2022-11-13T02:21:10 AEDT" duration-ms="314" status="PASS">
          <reporter-output>
          </reporter-output>
        </test-method> <!-- tearDownClass -->
      </class> <!-- runners.GumtreeRunner -->
    </test> <!-- Default test -->
  </suite> <!-- Default suite -->
</testng-results>
